2024-09-02 15:10:06.318 +0300 cheshev-nikita-igorevich: Сгенерирован новый UUID: Y4yNMvF3cchJ07Vlh2pwIAMjiozJ7IW06JTmmVxLyEDgbzPEWAKZaezM43GJnuat5D1dMY+r7ndu8C3G4i/uYcXVLsIhHDF/5FeaPP/r2yWSMDxba46Dd/nlW9e3TARYAfHSiHHJOHPqowbrDGw3mS2Ya16NhP7JA/vnPDUQJdPwM9tLTWGlHuFEs88uEt/6XPKidep0ECmJyjI7p2uCpAdETWi9ae0hkQd0v7+Yl13IkvvnRaRVvGVnQcyaAcasXzxQYuNakGI6lTC9b9dU2gLjVwNIvm7dYLb60dmiOhVPC3KeZn9cJfvhXRggNvTmGsoB40u+JdTLzp0MMGUxxw==
2024-09-02 15:10:06.319 +0300 : Скрипт ЗАПУЩЕН. Ожидание новых команд...
2024-09-02 15:10:31.315 +0300 cheshev-nikita-igorevich: UUID использован из /var/log/last_uuid.txt: Y4yNMvF3cchJ07Vlh2pwIAMjiozJ7IW06JTmmVxLyEDgbzPEWAKZaezM43GJnuat5D1dMY+r7ndu8C3G4i/uYcXVLsIhHDF/5FeaPP/r2yWSMDxba46Dd/nlW9e3TARYAfHSiHHJOHPqowbrDGw3mS2Ya16NhP7JA/vnPDUQJdPwM9tLTWGlHuFEs88uEt/6XPKidep0ECmJyjI7p2uCpAdETWi9ae0hkQd0v7+Yl13IkvvnRaRVvGVnQcyaAcasXzxQYuNakGI6lTC9b9dU2gLjVwNIvm7dYLb60dmiOhVPC3KeZn9cJfvhXRggNvTmGsoB40u+JdTLzp0MMGUxxw==
2024-09-02 15:10:31.316 +0300 : Скрипт ЗАПУЩЕН. Ожидание новых команд...
2024-09-02 15:10:55.747 +0300 cheshev-nikita-igorevich : cat /var/log/command_history.log
2024-09-02 15:15:30.682 +0300 cheshev-nikita-igorevich : whoami
2024-09-02 15:15:38.815 +0300 cheshev-nikita-igorevich : cd/
2024-09-02 15:15:43.938 +0300 cheshev-nikita-igorevich : cd /
2024-09-02 15:15:58.130 +0300 cheshev-nikita-igorevich : ls
2024-09-02 15:16:06.277 +0300 cheshev-nikita-igorevich : cd ~
2024-09-02 15:16:13.481 +0300 cheshev-nikita-igorevich : type ls
2024-09-02 15:16:22.656 +0300 cheshev-nikita-igorevich : type cd
2024-09-02 15:17:00.490 +0300 cheshev-nikita-igorevich : cd ..
2024-09-02 15:17:02.517 +0300 cheshev-nikita-igorevich : ls
2024-09-02 15:17:22.844 +0300 cheshev-nikita-igorevich : ls /home
2024-09-02 15:17:30.963 +0300 cheshev-nikita-igorevich : cd ~
2024-09-02 15:17:39.079 +0300 cheshev-nikita-igorevich : ccd /tmp
2024-09-02 15:17:47.228 +0300 cheshev-nikita-igorevich : cd /tmp
2024-09-02 15:17:58.424 +0300 cheshev-nikita-igorevich : mkdir pt
2024-09-02 15:18:04.533 +0300 cheshev-nikita-igorevich : cd pt
2024-09-02 15:18:33.108 +0300 cheshev-nikita-igorevich : touch 1.txt 2.txt 3.txt
2024-09-02 15:18:34.133 +0300 cheshev-nikita-igorevich : ls
2024-09-02 15:18:56.660 +0300 cheshev-nikita-igorevich : nano 1.txt
2024-09-02 15:19:02.805 +0300 cheshev-nikita-igorevich : vim 2.txt
2024-09-02 15:19:21.127 +0300 cheshev-nikita-igorevich : sudo apt install vim
2024-09-02 15:20:17.302 +0300 cheshev-nikita-igorevich : vim 2.txt
2024-09-02 15:20:55.035 +0300 cheshev-nikita-igorevich : cd ..
2024-09-02 15:21:01.130 +0300 cheshev-nikita-igorevich : cd ~
2024-09-02 15:21:28.681 +0300 cheshev-nikita-igorevich : cp -r /tmp/pt /tmp/pt_backup
2024-09-02 15:21:46.029 +0300 cheshev-nikita-igorevich : cd /tmp
2024-09-02 15:21:48.061 +0300 cheshev-nikita-igorevich : ls
2024-09-02 15:22:05.458 +0300 cheshev-nikita-igorevich : cd ~
2024-09-02 15:22:55.483 +0300 cheshev-nikita-igorevich : tar -cvf pt_backup.tar /tmp/pt_backup
2024-09-02 15:24:31.562 +0300 cheshev-nikita-igorevich : tar -cvf pt_backup.tar /tmp/pt_backup/
2024-09-02 15:25:37.668 +0300 cheshev-nikita-igorevich : tar -cvf pt_backup.tar -C /tmp pt_backup
2024-09-02 15:26:04.243 +0300 cheshev-nikita-igorevich : tar -xvf pt_backup.tar -C /tmp 
2024-09-02 15:28:27.153 +0300 cheshev-nikita-igorevich : ls ~ /usr
2024-09-02 15:28:37.358 +0300 cheshev-nikita-igorevich : ls -r
2024-09-02 15:28:50.563 +0300 cheshev-nikita-igorevich : ls -ld
2024-09-02 15:28:56.684 +0300 cheshev-nikita-igorevich : ls -ld .
2024-09-02 15:29:22.056 +0300 cheshev-nikita-igorevich : cd /tmp
2024-09-02 15:29:37.375 +0300 cheshev-nikita-igorevich : cd pt
2024-09-02 15:29:54.778 +0300 cheshev-nikita-igorevich : ls -l 1.txt 2.txt 3.txt
2024-09-02 15:30:54.971 +0300 cheshev-nikita-igorevich : mv /tmp/pt/1.txt /tmp/1_renamed.txt
2024-09-02 15:31:09.353 +0300 cheshev-nikita-igorevich : cd ..
2024-09-02 15:31:10.382 +0300 cheshev-nikita-igorevich : ls
2024-09-02 15:32:07.653 +0300 cheshev-nikita-igorevich : mkdir /tmp/new_dir
2024-09-02 15:32:13.739 +0300 cheshev-nikita-igorevich : cd /tmp/new_dir
2024-09-02 15:32:42.143 +0300 cheshev-nikita-igorevich : touch new_file.txt
2024-09-02 15:32:44.173 +0300 cheshev-nikita-igorevich : ls
2024-09-02 15:33:10.729 +0300 cheshev-nikita-igorevich : mv -i /tmp/1_renamed.txt /tmp/new_dir/new_file.txt
2024-09-02 15:33:53.634 +0300 cheshev-nikita-igorevich : cd ~
2024-09-02 15:34:01.751 +0300 cheshev-nikita-igorevich : which ls
2024-09-02 15:34:06.848 +0300 cheshev-nikita-igorevich : type cd
2024-09-02 15:34:40.551 +0300 cheshev-nikita-igorevich : man ls
2024-09-02 15:34:49.749 +0300 cheshev-nikita-igorevich : man nano
2024-09-02 15:34:56.882 +0300 cheshev-nikita-igorevich : man rm
2024-09-02 15:35:06.035 +0300 cheshev-nikita-igorevich : ls --help
2024-09-02 15:35:12.156 +0300 cheshev-nikita-igorevich : nano --help
2024-09-02 15:35:17.327 +0300 cheshev-nikita-igorevich : rm --help
2024-09-02 15:36:04.237 +0300 cheshev-nikita-igorevich : ln -s /tmp/new_dir/new_file.txt /tmp/new_dir/symlink_to_file.txt
2024-09-02 15:36:22.522 +0300 cheshev-nikita-igorevich : ls -l /tmp/new_dir/broken_symlink
2024-09-02 15:36:35.741 +0300 cheshev-nikita-igorevich : cd /tmp
2024-09-02 15:36:38.788 +0300 cheshev-nikita-igorevich : ls
2024-09-02 15:36:49.946 +0300 cheshev-nikita-igorevich : cd  new_dir
2024-09-02 15:36:56.033 +0300 cheshev-nikita-igorevich : ls
2024-09-02 15:39:46.971 +0300 cheshev-nikita-igorevich : ls -l /dev/null broken_symlink
2024-09-02 15:40:57.419 +0300 cheshev-nikita-igorevich : ln -s /dev/null broken_symlink
2024-09-02 15:41:00.478 +0300 cheshev-nikita-igorevich : ls -l /dev/null broken_symlink
2024-09-02 15:41:37.118 +0300 cheshev-nikita-igorevich : ln /tmp/new_dir/new_file.txt /tmp/new_dir/hardlink_to_file.txt
2024-09-02 15:41:48.351 +0300 cheshev-nikita-igorevich : cd ~
2024-09-02 15:42:14.843 +0300 cheshev-nikita-igorevich : alias mycommand='cd /usr; ls; cd -'
2024-09-02 15:43:35.436 +0300 cheshev-nikita-igorevich : sudo mycommand
2024-09-02 15:43:50.675 +0300 cheshev-nikita-igorevich : mycommand
2024-09-02 15:44:59.866 +0300 cheshev-nikita-igorevich : cat > /tmp/textfile.txt << EOdsfsdfsfF
2024-09-02 15:45:22.357 +0300 cheshev-nikita-igorevich : cat > /tmp/textfile.txt << EOF
2024-09-02 15:45:22.361 +0300 cheshev-nikita-igorevich : asdadadsassdsad
2024-09-02 15:45:22.365 +0300 cheshev-nikita-igorevich : dadsad
2024-09-02 15:45:22.370 +0300 cheshev-nikita-igorevich : EOF
2024-09-02 15:45:22.374 +0300 cheshev-nikita-igorevich : 
2024-09-02 15:45:33.643 +0300 cheshev-nikita-igorevich : cat  /tmp/textfile.txt 
2024-09-02 15:47:02.382 +0300 cheshev-nikita-igorevich : nano myscript.sh
2024-09-02 15:47:22.858 +0300 cheshev-nikita-igorevich : chmod +x myscript.sh
2024-09-02 15:47:37.092 +0300 cheshev-nikita-igorevich : ./myscript.sh
2024-09-02 15:48:25.036 +0300 cheshev-nikita-igorevich : rm /tmp/textfile.txt
2024-09-02 15:48:32.177 +0300 cheshev-nikita-igorevich : ls /tmp
2024-09-02 15:49:00.846 +0300 cheshev-nikita-igorevich : mkdir /tmp/empty_dir
2024-09-02 15:49:08.979 +0300 cheshev-nikita-igorevich : ls /tmp
2024-09-02 15:49:16.145 +0300 cheshev-nikita-igorevich : rmdir /tmp/empty_dir
2024-09-02 15:49:22.357 +0300 cheshev-nikita-igorevich : ls /tmp
2024-09-02 15:49:49.878 +0300 cheshev-nikita-igorevich : rm -r /tmp/pt
2024-09-02 15:50:34.816 +0300 cheshev-nikita-igorevich : sudo adduser  newuser
2024-09-02 15:50:59.323 +0300 cheshev-nikita-igorevich : sudo passwd  newuser
2024-09-02 15:51:27.988 +0300 cheshev-nikita-igorevich : find /tmp -name '1.txt'
2024-09-02 15:52:29.291 +0300 cheshev-nikita-igorevich : cat 1.txt
2024-09-02 15:52:35.479 +0300 cheshev-nikita-igorevich : cd /etc
2024-09-02 15:52:51.824 +0300 cheshev-nikita-igorevich : cd pt_backup
2024-09-02 15:52:55.969 +0300 cheshev-nikita-igorevich : cd pt
2024-09-02 15:52:59.024 +0300 cheshev-nikita-igorevich : ls
2024-09-02 15:53:36.623 +0300 cheshev-nikita-igorevich : cd pt
2024-09-02 15:53:44.738 +0300 cheshev-nikita-igorevich : cd pt_backup
2024-09-02 15:53:52.907 +0300 cheshev-nikita-igorevich : cdnew_dir
2024-09-02 15:53:59.026 +0300 cheshev-nikita-igorevich : cd new_dir
2024-09-02 15:54:22.494 +0300 cheshev-nikita-igorevich : cd ..
2024-09-02 15:54:25.546 +0300 cheshev-nikita-igorevich : cd tmp
2024-09-02 15:54:27.578 +0300 cheshev-nikita-igorevich : cd pt
2024-09-02 15:54:32.678 +0300 cheshev-nikita-igorevich : ls
2024-09-02 15:54:46.962 +0300 cheshev-nikita-igorevich : cd pt_backup
2024-09-02 15:54:47.994 +0300 cheshev-nikita-igorevich : ls
2024-09-02 15:54:54.146 +0300 cheshev-nikita-igorevich : cat 1.txt
2024-09-02 15:55:04.457 +0300 cheshev-nikita-igorevich : cd //
2024-09-02 15:55:13.671 +0300 cheshev-nikita-igorevich : cd /tmp/pt_backup
2024-09-02 15:55:17.733 +0300 cheshev-nikita-igorevich : cd ..
2024-09-02 15:55:20.798 +0300 cheshev-nikita-igorevich : ls
2024-09-02 15:56:06.849 +0300 cheshev-nikita-igorevich : grep' #slk[aclk' /tmp/pt_backup/1.txt
2024-09-02 15:56:36.427 +0300 cheshev-nikita-igorevich : grep' #slk[ak' /tmp/pt_backup/1.txt
2024-09-02 15:57:05.016 +0300 cheshev-nikita-igorevich : grep '#slk[ak' /tmp/pt_backup/1.txt
2024-09-02 15:58:27.710 +0300 cheshev-nikita-igorevich : grep -F '#slk[aclk' /tmp/pt_backup/1.txt
2024-09-02 15:58:55.165 +0300 cheshev-nikita-igorevich : cd ~
2024-09-02 15:59:28.817 +0300 cheshev-nikita-igorevich : ping -c 1 google.com && echo "Ping успешен" || echo "Ping не удался"
2024-09-06 20:13:01.770 +0300 cheshev-nikita-igorevich : sudo nano /var/log/command_history.log
2024-09-06 20:13:46.429 +0300 cheshev-nikita-igorevich : nohup sudo ./compiled_script.sh.x &
2024-09-06 20:13:54.583 +0300 cheshev-nikita-igorevich : Frantoza1234
2024-09-06 20:14:15.971 +0300 cheshev-nikita-igorevich : sudo nano /var/log/command_history.log
2024-09-06 20:14:19.530 +0300 cheshev-nikita-igorevich: UUID использован из /var/log/last_uuid.txt: Y4yNMvF3cchJ07Vlh2pwIAMjiozJ7IW06JTmmVxLyEDgbzPEWAKZaezM43GJnuat5D1dMY+r7ndu8C3G4i/uYcXVLsIhHDF/5FeaPP/r2yWSMDxba46Dd/nlW9e3TARYAfHSiHHJOHPqowbrDGw3mS2Ya16NhP7JA/vnPDUQJdPwM9tLTWGlHuFEs88uEt/6XPKidep0ECmJyjI7p2uCpAdETWi9ae0hkQd0v7+Yl13IkvvnRaRVvGVnQcyaAcasXzxQYuNakGI6lTC9b9dU2gLjVwNIvm7dYLb60dmiOhVPC3KeZn9cJfvhXRggNvTmGsoB40u+JdTLzp0MMGUxxw==
2024-09-06 20:14:19.531 +0300 : Скрипт ЗАПУЩЕН. Ожидание новых команд...
2024-09-06 20:15:17.823 +0300 cheshev-nikita-igorevich : sudo nano /var/log/command_history.log
2024-09-06 20:15:31.057 +0300 cheshev-nikita-igorevich : ls
2024-09-06 20:15:39.246 +0300 cheshev-nikita-igorevich : ~c
2024-09-06 20:15:42.298 +0300 cheshev-nikita-igorevich : cd ~
2024-09-06 20:15:49.410 +0300 cheshev-nikita-igorevich : history
2024-09-06 20:15:55.572 +0300 cheshev-nikita-igorevich : history 50
2024-09-06 20:16:09.792 +0300 cheshev-nikita-igorevich : ls
2024-09-06 20:16:20.968 +0300 cheshev-nikita-igorevich : 33
2024-09-06 20:16:26.094 +0300 cheshev-nikita-igorevich : cd /tmp
2024-09-06 20:16:30.157 +0300 cheshev-nikita-igorevich : cd~
2024-09-06 20:16:35.224 +0300 cheshev-nikita-igorevich : cd ~
2024-09-06 20:16:51.480 +0300 cheshev-nikita-igorevich : ls /tmp
2024-09-06 20:17:04.724 +0300 cheshev-nikita-igorevich : echo $HISTSIZE
2024-09-06 20:17:09.796 +0300 cheshev-nikita-igorevich : echo $HISTFILE
2024-09-06 20:17:17.907 +0300 cheshev-nikita-igorevich : echo $HISTFILESIZE
2024-09-06 20:17:28.058 +0300 cheshev-nikita-igorevich : HISTFILESIZE=15000
2024-09-06 20:17:31.119 +0300 cheshev-nikita-igorevich : echo $HISTFILESIZE
2024-09-06 20:17:35.178 +0300 cheshev-nikita-igorevich : HISTFILESIZE=-1
2024-09-06 20:17:46.366 +0300 cheshev-nikita-igorevich : cat file1
2024-09-06 20:17:56.541 +0300 cheshev-nikita-igorevich : cat file2
2024-09-06 20:18:26.038 +0300 cheshev-nikita-igorevich : sudo apt install git
2024-09-06 20:18:37.230 +0300 cheshev-nikita-igorevich : sudo nano /var/log/command_history.log
2024-09-06 20:19:06.698 +0300 cheshev-nikita-igorevich : git clone https://github.com/HAFRY-W/5
2024-09-06 20:19:13.816 +0300 cheshev-nikita-igorevich : cd 5
